Flutter crash report; please file at https://github.com/flutter/flutter/issues.

## command

flutter run

## exception

String: Exit code -11 from: /usr/bin/xcodebuild -list

```
#0      _runWithLoggingSync (package:flutter_tools/src/base/process.dart:352:7)
#1      runCheckedSync (package:flutter_tools/src/base/process.dart:283:10)
#2      XcodeProjectInterpreter.getInfo (package:flutter_tools/src/ios/xcodeproj.dart:163:24)
#3      buildXcodeProject (package:flutter_tools/src/ios/mac.dart:314:64)
<asynchronous suspension>
#4      IOSSimulator._setupUpdatedApplicationBundle (package:flutter_tools/src/ios/simulators.dart:381:48)
<asynchronous suspension>
#5      IOSSimulator.startApp (package:flutter_tools/src/ios/simulators.dart:308:15)
<asynchronous suspension>
#6      FlutterDevice.runHot (package:flutter_tools/src/resident_runner.dart:308:54)
#7      _asyncThenWrapperHelper.<anonymous closure> (dart:async/runtime/libasync_patch.dart:77:64)
#8      _rootRunUnary (dart:async/zone.dart:1132:38)
#9      _CustomZone.runUnary (dart:async/zone.dart:1029:19)
#10     _FutureListener.handleValue (dart:async/future_impl.dart:126:18)
#11     Future._propagateToListeners.handleValueCallback (dart:async/future_impl.dart:639:45)
#12     Future._propagateToListeners (dart:async/future_impl.dart:668:32)
#13     Future._complete (dart:async/future_impl.dart:473:7)
#14     _SyncCompleter.complete (dart:async/future_impl.dart:51:12)
#15     _AsyncAwaitCompleter.complete (dart:async/runtime/libasync_patch.dart:28:18)
#16     _completeOnAsyncReturn (dart:async/runtime/libasync_patch.dart:294:13)
#17     ApplicationPackageFactory.getPackageForPlatform (package:flutter_tools/src/application_package.dart)
#18     _asyncThenWrapperHelper.<anonymous closure> (dart:async/runtime/libasync_patch.dart:77:64)
#19     _rootRunUnary (dart:async/zone.dart:1132:38)
#20     _CustomZone.runUnary (dart:async/zone.dart:1029:19)
#21     _FutureListener.handleValue (dart:async/future_impl.dart:126:18)
#22     Future._propagateToListeners.handleValueCallback (dart:async/future_impl.dart:639:45)
#23     Future._propagateToListeners (dart:async/future_impl.dart:668:32)
#24     Future._complete (dart:async/future_impl.dart:473:7)
#25     _SyncCompleter.complete (dart:async/future_impl.dart:51:12)
#26     _AsyncAwaitCompleter.complete (dart:async/runtime/libasync_patch.dart:28:18)
#27     _completeOnAsyncReturn (dart:async/runtime/libasync_patch.dart:294:13)
#28     FlutterProject.fromDirectory (package:flutter_tools/src/project.dart)
#29     _asyncThenWrapperHelper.<anonymous closure> (dart:async/runtime/libasync_patch.dart:77:64)
#30     _rootRunUnary (dart:async/zone.dart:1132:38)
#31     _CustomZone.runUnary (dart:async/zone.dart:1029:19)
#32     _FutureListener.handleValue (dart:async/future_impl.dart:126:18)
#33     Future._propagateToListeners.handleValueCallback (dart:async/future_impl.dart:639:45)
#34     Future._propagateToListeners (dart:async/future_impl.dart:668:32)
#35     Future._complete (dart:async/future_impl.dart:473:7)
#36     _SyncCompleter.complete (dart:async/future_impl.dart:51:12)
#37     _AsyncAwaitCompleter.complete (dart:async/runtime/libasync_patch.dart:28:18)
#38     _completeOnAsyncReturn (dart:async/runtime/libasync_patch.dart:294:13)
#39     FlutterProject._readManifest (package:flutter_tools/src/project.dart)
#40     _asyncThenWrapperHelper.<anonymous closure> (dart:async/runtime/libasync_patch.dart:77:64)
#41     _rootRunUnary (dart:async/zone.dart:1132:38)
#42     _CustomZone.runUnary (dart:async/zone.dart:1029:19)
#43     _FutureListener.handleValue (dart:async/future_impl.dart:126:18)
#44     Future._propagateToListeners.handleValueCallback (dart:async/future_impl.dart:639:45)
#45     Future._propagateToListeners (dart:async/future_impl.dart:668:32)
#46     Future._complete (dart:async/future_impl.dart:473:7)
#47     _SyncCompleter.complete (dart:async/future_impl.dart:51:12)
#48     _rootRunUnary (dart:async/zone.dart:1132:38)
#49     _CustomZone.runUnary (dart:async/zone.dart:1029:19)
#50     _FutureListener.handleValue (dart:async/future_impl.dart:126:18)
#51     Future._propagateToListeners.handleValueCallback (dart:async/future_impl.dart:639:45)
#52     Future._propagateToListeners (dart:async/future_impl.dart:668:32)
#53     Future._complete (dart:async/future_impl.dart:473:7)
#54     _SyncCompleter.complete (dart:async/future_impl.dart:51:12)
#55     _AsyncAwaitCompleter.complete.<anonymous closure> (dart:async/runtime/libasync_patch.dart:33:20)
#56     _rootRun (dart:async/zone.dart:1124:13)
#57     _CustomZone.run (dart:async/zone.dart:1021:19)
#58     _CustomZone.bindCallback.<anonymous closure> (dart:async/zone.dart:947:23)
#59     _microtaskLoop (dart:async/schedule_microtask.dart:41:21)
#60     _startMicrotaskLoop (dart:async/schedule_microtask.dart:50:5)
#61     _runPendingImmediateCallback (dart:isolate/runtime/libisolate_patch.dart:115:13)
#62     _RawReceivePortImpl._handleMessage (dart:isolate/runtime/libisolate_patch.dart:172:5)
```

## flutter doctor

```
[32m[✓][39m Flutter (Channel stable, v1.2.1, on Mac OS X 10.14.3 18D109, locale en-CA)
    [32m•[39m Flutter version 1.2.1 at /Users/owner/Documents/tools/flutter
    [32m•[39m Framework revision 8661d8aecd (8 weeks ago), 2019-02-14 19:19:53 -0800
    [32m•[39m Engine revision 3757390fa4
    [32m•[39m Dart version 2.1.2 (build 2.1.2-dev.0.0 0a7dcf17eb)

[32m[✓][39m Android toolchain - develop for Android devices (Android SDK version 28.0.3)
    [32m•[39m Android SDK at /Users/owner/Library/Android/sdk
    [32m•[39m Android NDK location not configured (optional; useful for native profiling support)
    [32m•[39m Platform android-28, build-tools 28.0.3
    [32m•[39m Java binary at: /Applications/Android Studio.app/Contents/jre/jdk/Contents/Home/bin/java
    [32m•[39m Java version OpenJDK Runtime Environment (build 1.8.0_152-release-1248-b01)
    [32m•[39m All Android licenses accepted.

[32m[✓][39m iOS toolchain - develop for iOS devices (Xcode 10.2)
    [32m•[39m Xcode at /Applications/Xcode.app/Contents/Developer
    [32m•[39m Xcode 10.2, Build version 10E125
    [32m•[39m ios-deploy 1.9.4
    [32m•[39m CocoaPods version 1.5.3

[32m[✓][39m Android Studio (version 3.3)
    [32m•[39m Android Studio at /Applications/Android Studio.app/Contents
    [32m•[39m Flutter plugin version 33.1.1
    [32m•[39m Dart plugin version 182.5215
    [32m•[39m Java version OpenJDK Runtime Environment (build 1.8.0_152-release-1248-b01)

[32m[✓][39m VS Code (version 1.33.0)
    [32m•[39m VS Code at /Applications/Visual Studio Code.app/Contents
    [32m•[39m Flutter extension version 2.25.0

[32m[✓][39m Connected device (1 available)
    [32m•[39m iPhone Xʀ • F9149B7F-3474-4DB5-87FD-E08CD679D4EA • ios • com.apple.CoreSimulator.SimRuntime.iOS-12-2
      (simulator)

[32m•[39m No issues found!
```
